Arguments: 
  /usr/local/bin/node /usr/local/bin/yarn

PATH: 
  /usr/local/bin:/usr/bin:/bin:/usr/sbin:/sbin:/usr/local/go/bin:/Library/Apple/usr/bin

Yarn version: 
  1.22.10

Node version: 
  12.19.0

Platform: 
  darwin x64

Trace: 
  Error: https://registry.yarnpkg.com/@tarojs%2fasync-await: ESOCKETTIMEDOUT
      at ClientRequest.<anonymous> (/usr/local/lib/node_modules/yarn/lib/cli.js:141289:19)
      at Object.onceWrapper (events.js:420:28)
      at ClientRequest.emit (events.js:314:20)
      at TLSSocket.emitRequestTimeout (_http_client.js:716:9)
      at Object.onceWrapper (events.js:420:28)
      at TLSSocket.emit (events.js:326:22)
      at TLSSocket.Socket._onTimeout (net.js:484:8)
      at listOnTimeout (internal/timers.js:554:17)
      at processTimers (internal/timers.js:497:7)

npm manifest: 
  {
    "name": "eureak",
    "version": "1.0.0",
    "private": true,
    "description": "",
    "templateInfo": {
      "name": "redux",
      "typescript": true,
      "css": "less"
    },
    "scripts": {
      "build:weapp": "taro build --type weapp",
      "build:swan": "taro build --type swan",
      "build:alipay": "taro build --type alipay",
      "build:tt": "taro build --type tt",
      "build:h5": "taro build --type h5",
      "build:rn": "taro build --type rn",
      "dev:weapp": "npm run build:weapp -- --watch",
      "dev:swan": "npm run build:swan -- --watch",
      "dev:alipay": "npm run build:alipay -- --watch",
      "dev:tt": "npm run build:tt -- --watch",
      "dev:h5": "npm run build:h5 -- --watch",
      "dev:rn": "npm run build:rn -- --watch"
    },
    "author": "",
    "license": "MIT",
    "dependencies": {
      "@tarojs/async-await": "^2.2.10",
      "@tarojs/components": "1.3.18",
      "@tarojs/mini-runner": "^3.0.14",
      "@tarojs/plugin-sass": "^1.3.21",
      "@tarojs/redux": "^2.2.10",
      "@tarojs/redux-h5": "1.3.18",
      "@tarojs/router": "1.3.18",
      "@tarojs/taro": "1.3.18",
      "@tarojs/taro-alipay": "1.3.18",
      "@tarojs/taro-h5": "1.3.18",
      "@tarojs/taro-swan": "1.3.18",
      "@tarojs/taro-tt": "1.3.18",
      "@tarojs/taro-weapp": "1.3.18",
      "babel-core": "^6.26.3",
      "babel-loader": "^8.1.0",
      "babel-preset-taro": "^3.0.14",
      "crypto": "^1.0.1",
      "crypto-js": "^4.0.0",
      "nerv-devtools": "^1.4.0",
      "nervjs": "^1.4.0",
      "react-redux": "^7.2.1",
      "redux": "^4.0.5",
      "redux-logger": "^3.0.6",
      "redux-thunk": "^2.3.0",
      "regenerator-runtime": "^0.13.7",
      "taro-ui": "^2.3.4",
      "uuid": "^3.4.0",
      "yarn": "^1.17.3"
    },
    "devDependencies": {
      "@tarojs/plugin-babel": "1.3.18",
      "@tarojs/plugin-csso": "1.3.18",
      "@tarojs/plugin-less": "1.3.18",
      "@tarojs/plugin-uglifyjs": "1.3.18",
      "@tarojs/webpack-runner": "1.3.18",
      "@types/react": "^16.4.8",
      "@types/webpack-env": "^1.13.6",
      "@typescript-eslint/parser": "^1.6.0",
      "babel-eslint": "^8.2.3",
      "babel-plugin-transform-class-properties": "^6.24.1",
      "babel-plugin-transform-decorators-legacy": "^1.3.4",
      "babel-plugin-transform-jsx-stylesheet": "^0.6.5",
      "babel-plugin-transform-object-rest-spread": "^6.26.0",
      "babel-preset-env": "^1.6.1",
      "eslint": "^5.16.0",
      "eslint-config-taro": "1.3.18",
      "eslint-plugin-import": "^2.12.0",
      "eslint-plugin-react": "^7.8.2",
      "eslint-plugin-react-hooks": "^1.6.1",
      "eslint-plugin-taro": "1.3.18",
      "stylelint": "9.3.0",
      "stylelint-config-taro-rn": "1.3.18",
      "stylelint-taro-rn": "1.3.18",
      "typescript": "^3.0.1"
    }
  }

yarn manifest: 
  No manifest

Lockfile: 
  No lockfile
